
   Program: 
  5   FnDecl: 
         (return type) Type: void
  5      Identifier: foo
         (body) StmtBlock: 
  6         VarDecl: 
               Type: int
  6            Identifier: i
  7         VarDecl: 
               Type: int
  7            Identifier: i2
  9         EqualityExpr: 
  9            FieldAccess: 
  9               Identifier: i
  9            Operator: ==
  9            IntConstant: 2
 10         EqualityExpr: 
 10            FieldAccess: 
 10               Identifier: i
 10            Operator: ==
 10            FieldAccess: 
 10               Identifier: i2
 12         EqualityExpr: 
 12            FieldAccess: 
 12               Identifier: i
 12            Operator: !=
 12            IntConstant: 3
 13         EqualityExpr: 
 13            FieldAccess: 
 13               Identifier: i
 13            Operator: !=
 13            FieldAccess: 
 13               Identifier: i2
