
   Program: 
  1   FnDecl: 
         (return type) Type: int
  1      Identifier: main
         (body) StmtBlock: 
  2         VarDecl: 
               Type: int
  2            Identifier: i
            ForStmt: 
  3            (init) AssignExpr: 
  3               FieldAccess: 
  3                  Identifier: i
  3               Operator: =
  3               IntConstant: 1
  3            (test) RelationalExpr: 
  3               FieldAccess: 
  3                  Identifier: i
  3               Operator: <
  3               IntConstant: 10
  3            (step) PostfixExpr: 
  3               FieldAccess: 
  3                  Identifier: i
  3               Operator: ++
               (body) StmtBlock: 
  4               VarDecl: 
                     Type: int
  4                  Identifier: j
            WhileStmt: 
  7            (test) RelationalExpr: 
  7               FieldAccess: 
  7                  Identifier: i
  7               Operator: <
  7               IntConstant: 20
               (body) StmtBlock: 
  8               VarDecl: 
                     Type: int
  8                  Identifier: a
